<?xml version="1.0" encoding="UTF-8"?>
<coverage generated="1657362023868" clover="3.2.0">
  <project timestamp="1657362023868" name="All files">
    <metrics statements="23" coveredstatements="20" conditionals="6" coveredconditionals="4" methods="3" coveredmethods="2" elements="32" coveredelements="26" complexity="0" loc="23" ncloc="23" packages="2" files="4" classes="4"/>
    <package name="components">
      <metrics statements="6" coveredstatements="6" conditionals="4" coveredconditionals="4" methods="1" coveredmethods="1"/>
      <file name="Button.tsx" path="/home/aleix/projects/TriTrap/TraTripMobileApp/src/components/Button.tsx">
        <metrics statements="6" coveredstatements="6" conditionals="4" coveredconditionals="4" methods="1" coveredmethods="1"/>
        <line num="14" count="1" type="stmt"/>
        <line num="21" count="7" type="stmt"/>
        <line num="22" count="7" type="stmt"/>
        <line num="23" count="7" type="cond" truecount="2" falsecount="0"/>
        <line num="24" count="6" type="stmt"/>
        <line num="27" count="7" type="stmt"/>
      </file>
    </package>
    <package name="styles">
      <metrics statements="17" coveredstatements="14" conditionals="2" coveredconditionals="0" methods="2" coveredmethods="1"/>
      <file name="ThemeProvider.tsx" path="/home/aleix/projects/TriTrap/TraTripMobileApp/src/styles/ThemeProvider.tsx">
        <metrics statements="5" coveredstatements="2" conditionals="2" coveredconditionals="0" methods="1" coveredmethods="0"/>
        <line num="4" count="1" type="stmt"/>
        <line num="12" count="1" type="stmt"/>
        <line num="13" count="0" type="stmt"/>
        <line num="15" count="0" type="stmt"/>
        <line num="19" count="0" type="stmt"/>
      </file>
      <file name="colors.ts" path="/home/aleix/projects/TriTrap/TraTripMobileApp/src/styles/colors.ts">
        <metrics statements="10" coveredstatements="10" conditionals="0" coveredconditionals="0" methods="0" coveredmethods="0"/>
        <line num="1" count="1" type="stmt"/>
        <line num="2" count="1" type="stmt"/>
        <line num="3" count="1" type="stmt"/>
        <line num="4" count="1" type="stmt"/>
        <line num="5" count="1" type="stmt"/>
        <line num="6" count="1" type="stmt"/>
        <line num="8" count="1" type="stmt"/>
        <line num="14" count="1" type="stmt"/>
        <line num="21" count="1" type="stmt"/>
        <line num="28" count="1" type="stmt"/>
      </file>
      <file name="useTheme.ts" path="/home/aleix/projects/TriTrap/TraTripMobileApp/src/styles/useTheme.ts">
        <metrics statements="2" coveredstatements="2" conditionals="0" coveredconditionals="0" methods="1" coveredmethods="1"/>
        <line num="4" count="1" type="stmt"/>
        <line num="5" count="7" type="stmt"/>
      </file>
    </package>
  </project>
</coverage>
