{"/home/aleix/projects/TriTrap/TraTripMobileApp/src/components/Button.tsx": {"path":"/home/aleix/projects/TriTrap/TraTripMobileApp/src/components/Button.tsx","statementMap":{"0":{"start":{"line":14,"column":38},"end":{"line":47,"column":1}},"1":{"start":{"line":21,"column":16},"end":{"line":21,"column":26}},"2":{"start":{"line":22,"column":21},"end":{"line":22,"column":26}},"3":{"start":{"line":23,"column":2},"end":{"line":25,"column":3}},"4":{"start":{"line":24,"column":4},"end":{"line":24,"column":23}},"5":{"start":{"line":27,"column":2},"end":{"line":46,"column":3}}},"fnMap":{"0":{"name":"(anonymous_0)","decl":{"start":{"line":14,"column":38},"end":{"line":14,"column":39}},"loc":{"start":{"line":20,"column":6},"end":{"line":47,"column":1}},"line":20}},"branchMap":{"0":{"loc":{"start":{"line":23,"column":2},"end":{"line":25,"column":3}},"type":"if","locations":[{"start":{"line":23,"column":2},"end":{"line":25,"column":3}},{"start":{},"end":{}}],"line":23},"1":{"loc":{"start":{"line":32,"column":27},"end":{"line":32,"column":79}},"type":"cond-expr","locations":[{"start":{"line":32,"column":50},"end":{"line":32,"column":63}},{"start":{"line":32,"column":66},"end":{"line":32,"column":79}}],"line":32}},"s":{"0":1,"1":7,"2":7,"3":7,"4":6,"5":7},"f":{"0":7},"b":{"0":[6,1],"1":[6,1]},"_coverageSchema":"1a1c01bbd47fc00a2c39e90264f33305004495a9","hash":"86106014fcf19feb7e5147e455c991ad6d003930"}
,"/home/aleix/projects/TriTrap/TraTripMobileApp/src/styles/ThemeProvider.tsx": {"path":"/home/aleix/projects/TriTrap/TraTripMobileApp/src/styles/ThemeProvider.tsx","statementMap":{"0":{"start":{"line":4,"column":28},"end":{"line":6,"column":2}},"1":{"start":{"line":12,"column":52},"end":{"line":20,"column":1}},"2":{"start":{"line":13,"column":23},"end":{"line":13,"column":28}},"3":{"start":{"line":15,"column":16},"end":{"line":17,"column":3}},"4":{"start":{"line":19,"column":2},"end":{"line":19,"column":80}}},"fnMap":{"0":{"name":"(anonymous_0)","decl":{"start":{"line":12,"column":52},"end":{"line":12,"column":53}},"loc":{"start":{"line":12,"column":70},"end":{"line":20,"column":1}},"line":12}},"branchMap":{"0":{"loc":{"start":{"line":16,"column":12},"end":{"line":16,"column":53}},"type":"cond-expr","locations":[{"start":{"line":16,"column":27},"end":{"line":16,"column":39}},{"start":{"line":16,"column":42},"end":{"line":16,"column":53}}],"line":16}},"s":{"0":1,"1":1,"2":0,"3":0,"4":0},"f":{"0":0},"b":{"0":[0,0]},"_coverageSchema":"1a1c01bbd47fc00a2c39e90264f33305004495a9","hash":"f6b93deb778cdffff8ff7162e7768bbc014d1cfb"}
,"/home/aleix/projects/TriTrap/TraTripMobileApp/src/styles/colors.ts": {"path":"/home/aleix/projects/TriTrap/TraTripMobileApp/src/styles/colors.ts","statementMap":{"0":{"start":{"line":1,"column":25},"end":{"line":1,"column":34}},"1":{"start":{"line":2,"column":21},"end":{"line":2,"column":30}},"2":{"start":{"line":3,"column":19},"end":{"line":3,"column":28}},"3":{"start":{"line":4,"column":16},"end":{"line":4,"column":25}},"4":{"start":{"line":5,"column":19},"end":{"line":5,"column":28}},"5":{"start":{"line":6,"column":20},"end":{"line":6,"column":29}},"6":{"start":{"line":8,"column":15},"end":{"line":12,"column":1}},"7":{"start":{"line":14,"column":14},"end":{"line":19,"column":1}},"8":{"start":{"line":21,"column":13},"end":{"line":26,"column":1}},"9":{"start":{"line":28,"column":22},"end":{"line":28,"column":37}}},"fnMap":{},"branchMap":{},"s":{"0":1,"1":1,"2":1,"3":1,"4":1,"5":1,"6":1,"7":1,"8":1,"9":1},"f":{},"b":{},"_coverageSchema":"1a1c01bbd47fc00a2c39e90264f33305004495a9","hash":"dad13c15bf824c07fe5f557c674ca5e815e52712"}
,"/home/aleix/projects/TriTrap/TraTripMobileApp/src/styles/useTheme.ts": {"path":"/home/aleix/projects/TriTrap/TraTripMobileApp/src/styles/useTheme.ts","statementMap":{"0":{"start":{"line":4,"column":17},"end":{"line":6,"column":1}},"1":{"start":{"line":5,"column":2},"end":{"line":5,"column":33}}},"fnMap":{"0":{"name":"(anonymous_0)","decl":{"start":{"line":4,"column":17},"end":{"line":4,"column":18}},"loc":{"start":{"line":4,"column":23},"end":{"line":6,"column":1}},"line":4}},"branchMap":{},"s":{"0":1,"1":7},"f":{"0":7},"b":{},"_coverageSchema":"1a1c01bbd47fc00a2c39e90264f33305004495a9","hash":"7d4ee166b6aa4c8d54b9adc694bc1f0ec0700448"}
}
