TN:
SF:src/components/Button.tsx
FN:14,(anonymous_0)
FNF:1
FNH:1
FNDA:7,(anonymous_0)
DA:14,1
DA:21,7
DA:22,7
DA:23,7
DA:24,6
DA:27,7
LF:6
LH:6
BRDA:23,0,0,6
BRDA:23,0,1,1
BRDA:32,1,0,6
BRDA:32,1,1,1
BRF:4
BRH:4
end_of_record
TN:
SF:src/styles/ThemeProvider.tsx
FN:12,(anonymous_0)
FNF:1
FNH:0
FNDA:0,(anonymous_0)
DA:4,1
DA:12,1
DA:13,0
DA:15,0
DA:19,0
LF:5
LH:2
BRDA:16,0,0,0
BRDA:16,0,1,0
BRF:2
BRH:0
end_of_record
TN:
SF:src/styles/colors.ts
FNF:0
FNH:0
DA:1,1
DA:2,1
DA:3,1
DA:4,1
DA:5,1
DA:6,1
DA:8,1
DA:14,1
DA:21,1
DA:28,1
LF:10
LH:10
BRF:0
BRH:0
end_of_record
TN:
SF:src/styles/useTheme.ts
FN:4,(anonymous_0)
FNF:1
FNH:1
FNDA:7,(anonymous_0)
DA:4,1
DA:5,7
LF:2
LH:2
BRF:0
BRH:0
end_of_record
